
Showing logs for build [32mcb-kubecd-environment-pr-1492-1-xj5st-1[0m stage [32mfrom-build-pack[0m and container [32mstep-credential-initializer-np8zg[0m
{"level":"info","ts":1589814431.2971916,"logger":"fallback-logger","caller":"logging/config.go:69","msg":"Fetch GitHub commit ID from kodata failed: open /var/run/ko/refs/heads/0.8.0-ns-support: no such file or directory"}
{"level":"info","ts":1589814431.2980204,"logger":"fallback-logger","caller":"creds-init/main.go:40","msg":"Credentials initialized."}

Showing logs for build [32mcb-kubecd-environment-pr-1492-1-xj5st-1[0m stage [32mfrom-build-pack[0m and container [32mstep-working-dir-initializer-r4cdw[0m
{"level":"info","ts":1589814432.7311716,"logger":"fallback-logger","caller":"logging/config.go:69","msg":"Fetch GitHub commit ID from kodata failed: open /var/run/ko/HEAD: no such file or directory"}
{"level":"info","ts":1589814432.733335,"logger":"fallback-logger","caller":"bash/main.go:64","msg":"Successfully executed command \"sh -c mkdir -p /workspace/source\"; output "}

Showing logs for build [32mcb-kubecd-environment-pr-1492-1-xj5st-1[0m stage [32mfrom-build-pack[0m and container [32mstep-place-tools[0m

Showing logs for build [32mcb-kubecd-environment-pr-1492-1-xj5st-1[0m stage [32mfrom-build-pack[0m and container [32mstep-git-source-cb-kubecd-environment-pr-1492-1-xj5st-fwpd9[0m
{"level":"info","ts":1589814437.832152,"logger":"fallback-logger","caller":"logging/config.go:69","msg":"Fetch GitHub commit ID from kodata failed: open /var/run/ko/refs/heads/0.8.0-ns-support: no such file or directory"}
{"level":"info","ts":1589814438.4881966,"logger":"fallback-logger","caller":"git/git.go:103","msg":"Successfully cloned https://github.com/cb-kubecd/environment-pr-1492-11-bdd-frontend-staging.git @ master in path /workspace/source"}

Showing logs for build [32mcb-kubecd-environment-pr-1492-1-xj5st-1[0m stage [32mfrom-build-pack[0m and container [32mstep-git-merge[0m
Using SHAs from PULL_REFS=master:62dbdfedd739f9048771daf9ef0a27c892f98325,1:1f9a674f070978525c352a847b56835f5265e4da
DEBUG: LC_ALL=C JX_LOG_LEVEL=error git fetch origin --unshallow 1f9a674f070978525c352a847b56835f5265e4da: 62dbdfedd739f9048771daf9ef0a27c892f98325:
DEBUG: ran git fetch --unshallow origin 1f9a674f070978525c352a847b56835f5265e4da: 62dbdfedd739f9048771daf9ef0a27c892f98325: in 
DEBUG: LC_ALL=C JX_LOG_LEVEL=error git branch
DEBUG: LC_ALL=C JX_LOG_LEVEL=error git checkout master
DEBUG: ran git checkout master in 
DEBUG: LC_ALL=C JX_LOG_LEVEL=error git reset --hard 62dbdfedd739f9048771daf9ef0a27c892f98325
DEBUG: ran git reset --hard 62dbdfedd739f9048771daf9ef0a27c892f98325 in 
DEBUG: LC_ALL=C JX_LOG_LEVEL=error git clean -fd .
DEBUG: ran clean --force -d . in 
DEBUG: LC_ALL=C JX_LOG_LEVEL=error git merge 1f9a674f070978525c352a847b56835f5265e4da
DEBUG: ran git merge 1f9a674f070978525c352a847b56835f5265e4da in 
DEBUG: LC_ALL=C JX_LOG_LEVEL=error git log --format=%H%x1f%an%x1f%ae%x1f%cn%x1f%ce%x1f%s%n%b%x1e 62dbdfedd739f9048771daf9ef0a27c892f98325..HEAD
Merged SHA 1f9a674f070978525c352a847b56835f5265e4da with commit message 'chore: Promote bdd-nh-1589813390 to version 0.0.1' into base branch master

Showing logs for build [32mcb-kubecd-environment-pr-1492-1-xj5st-1[0m stage [32mfrom-build-pack[0m and container [32mstep-build-helm-build[0m
WARNING: No $CHART_REPOSITORY defined so using the default value of: http://jenkins-x-chartmuseum:8080
Adding missing Helm repo: storage.googleapis.com https://storage.googleapis.com/chartmuseum.jenkins-x.io
WARNING: No secrets found on "helm/repos" due: reading the secret "helm/repos" from vault: no secret "helm/repos" not found in vault
Read credentials for https://storage.googleapis.com/chartmuseum.jenkins-x.io from vault helm/repos
Successfully added Helm repository storage.googleapis.com.
Adding missing Helm repo: jenkins-x-chartmuseum http://jenkins-x-chartmuseum:8080
WARNING: No secrets found on "helm/repos" due: reading the secret "helm/repos" from vault: no secret "helm/repos" not found in vault
Read credentials for http://jenkins-x-chartmuseum:8080 from vault helm/repos
Successfully added Helm repository jenkins-x-chartmuseum.
WARNING: No $CHART_REPOSITORY defined so using the default value of: http://jenkins-x-chartmuseum:8080
Adding missing Helm repo: chartmuseum.jenkins-x.io http://chartmuseum.jenkins-x.io
WARNING: No secrets found on "helm/repos" due: reading the secret "helm/repos" from vault: no secret "helm/repos" not found in vault
Read credentials for http://chartmuseum.jenkins-x.io from vault helm/repos
Successfully added Helm repository chartmuseum.jenkins-x.io.
